
// ==========================================================================
//  GPLEX error listing for lex source file <SimpleLex.lex>
// ==========================================================================
//  Version:  1.1.3.301
//  Machine:  DESKTOP-P9G8U3P
//  DateTime: 26.10.2019 13:03:22
//  UserName: andre
// ==========================================================================


%using ScannerHelper;
%namespace SimpleScanner

Alpha 	[a-zA-Z_]
Digit   [0-9] 
AlphaDigit {Alpha}|{Digit}
INTNUM  {Digit}+
REALNUM {INTNUM}\.{INTNUM}
ID {Alpha}{AlphaDigit}* 
DotChr [^\r\n]
OneLineCmnt  \/\/{DotChr}*

// «десь можно делать описани€ типов, переменных и методов - они попадают в класс Scanner
%{
  public int LexValueInt;
  public double LexValueDouble;
%}

%x COMMENT

%%
{INTNUM} { 
  LexValueInt = int.Parse(yytext);
  return (int)Tok.INUM;
}

{REALNUM} { 
  LexValueDouble = double.Parse(yytext);
  return (int)Tok.RNUM;
}

begin { 
  return (int)Tok.BEGIN;
}

end { 
  return (int)Tok.END;
}

cycle { 
  return (int)Tok.CYCLE;
}

{ID}  { 
  return (int)Tok.ID;
}

":" { 
  return (int)Tok.COLON;
}

":=" { 
  return (int)Tok.ASSIGN;
}

";" { 
  return (int)Tok.SEMICOLON;
}

{OneLineCmnt} {
	return (int)Tok.COMMENT;
}

"{" { 
  // переход в состо€ние COMMENT
  BEGIN(COMMENT);
}

<COMMENT>{ID} {
//-------^^^^
// Warning: This pattern always overrides ""begin"" 
// Warning: This pattern always overrides ""end"" 
// Warning: This pattern always overrides ""cycle"" 
// -------------------------------------------------
  return (int)Tok.COMMENTIDENT;
}

<COMMENT> "cycle" {}
//--------^^^^^^^
// Warning: This pattern always overridden by "{ID}" 
// --------------------------------------------------
<COMMENT> "begin" {}
//--------^^^^^^^
// Warning: This pattern always overridden by "{ID}" 
// --------------------------------------------------
<COMMENT> "end" {}
//--------^^^^^
// Warning: This pattern always overridden by "{ID}" 
// --------------------------------------------------

<COMMENT> "}" { 
  // переход в состо€ние INITIAL
  BEGIN(INITIAL);
}

[^ \r\n] {
	LexError();
	return 0; // конец разбора
}
%%

// «десь можно делать описани€ переменных и методов - они тоже попадают в класс Scanner

public void LexError()
{
	Console.WriteLine("({0},{1}): Ќеизвестный символ {2}", yyline, yycol, yytext);
}

public string TokToString(Tok tok)
{
	switch (tok)
	{
		case Tok.ID:
			return tok + " " + yytext;
		case Tok.INUM:
			return tok + " " + LexValueInt;
		case Tok.RNUM:
			return tok + " " + LexValueDouble;
		default:
			return tok + "";
	}
}

// ==========================================================================

